Warning: KiotaBuilder OpenAPI warning: #/paths/~1api~11~1accounts~1{id}~1name/put/parameters/0/schema - The format timestamp is not supported by Kiota for the type Integer and the string type will be used.
Warning: KiotaBuilder OpenAPI warning: #/paths/~1api~11~1accounts~1{id}~1pending/get/parameters/0/schema - The format timestamp is not supported by Kiota for the type Integer and the string type will be used.
Warning: KiotaBuilder OpenAPI warning: #/paths/~1api~11~1accounts~1{id}~1transactions/get/parameters/0/schema - The format timestamp is not supported by Kiota for the type Integer and the string type will be used.
Warning: KiotaBuilder OpenAPI warning: #/paths/~1api~11~1accounts~1{id}~1transactions/get/parameters/1/schema - The format timestamp is not supported by Kiota for the type Integer and the string type will be used.
Warning: KiotaBuilder OpenAPI warning: #/paths/~1api~11~1accounts~1{id}~1transactions/get/parameters/2/schema - The format timestamp is not supported by Kiota for the type Integer and the string type will be used.
Warning: KiotaBuilder OpenAPI warning: #/paths/~1api~11~1address~1validate/post/parameters/4/schema - The format timestamp is not supported by Kiota for the type Integer and the string type will be used.
Warning: KiotaBuilder OpenAPI warning: #/paths/~1api~11~1beneficiaries~1{id}/delete/parameters/0/schema - The format timestamp is not supported by Kiota for the type Integer and the string type will be used.
Warning: KiotaBuilder OpenAPI warning: #/paths/~1api~11~1funding_address/get/parameters/2/schema - The format timestamp is not supported by Kiota for the type Integer and the string type will be used.
Warning: KiotaBuilder OpenAPI warning: #/paths/~1api~11~1funding_address/post/parameters/2/schema - The format timestamp is not supported by Kiota for the type Integer and the string type will be used.
Warning: KiotaBuilder OpenAPI warning: #/paths/~1api~11~1funding_address/post/parameters/3/schema - The format timestamp is not supported by Kiota for the type Integer and the string type will be used.
Warning: KiotaBuilder OpenAPI warning: #/paths/~1api~11~1listorders/get/parameters/2/schema - The format timestamp is not supported by Kiota for the type Integer and the string type will be used.
Warning: KiotaBuilder OpenAPI warning: #/paths/~1api~11~1listorders/get/parameters/3/schema - The format timestamp is not supported by Kiota for the type Integer and the string type will be used.
Warning: KiotaBuilder OpenAPI warning: #/paths/~1api~11~1listtrades/get/parameters/1/schema - The format timestamp is not supported by Kiota for the type Integer and the string type will be used.
Warning: KiotaBuilder OpenAPI warning: #/paths/~1api~11~1listtrades/get/parameters/2/schema - The format timestamp is not supported by Kiota for the type Integer and the string type will be used.
Warning: KiotaBuilder OpenAPI warning: #/paths/~1api~11~1listtrades/get/parameters/3/schema - The format timestamp is not supported by Kiota for the type Integer and the string type will be used.
Warning: KiotaBuilder OpenAPI warning: #/paths/~1api~11~1listtrades/get/parameters/4/schema - The format timestamp is not supported by Kiota for the type Integer and the string type will be used.
Warning: KiotaBuilder OpenAPI warning: #/paths/~1api~11~1listtrades/get/parameters/6/schema - The format timestamp is not supported by Kiota for the type Integer and the string type will be used.
Warning: KiotaBuilder OpenAPI warning: #/paths/~1api~11~1marketorder/post/parameters/2/schema - The format amount is not supported by Kiota for the type String and the string type will be used.
Warning: KiotaBuilder OpenAPI warning: #/paths/~1api~11~1marketorder/post/parameters/3/schema - The format amount is not supported by Kiota for the type String and the string type will be used.
Warning: KiotaBuilder OpenAPI warning: #/paths/~1api~11~1marketorder/post/parameters/4/schema - The format timestamp is not supported by Kiota for the type Integer and the string type will be used.
Warning: KiotaBuilder OpenAPI warning: #/paths/~1api~11~1marketorder/post/parameters/5/schema - The format timestamp is not supported by Kiota for the type Integer and the string type will be used.
Warning: KiotaBuilder OpenAPI warning: #/paths/~1api~11~1marketorder/post/parameters/6/schema - The format timestamp is not supported by Kiota for the type Integer and the string type will be used.
Warning: KiotaBuilder OpenAPI warning: #/paths/~1api~11~1marketorder/post/parameters/7/schema - The format timestamp is not supported by Kiota for the type Integer and the string type will be used.
Warning: KiotaBuilder OpenAPI warning: #/paths/~1api~11~1postorder/post/parameters/4/schema - The format amount is not supported by Kiota for the type String and the string type will be used.
Warning: KiotaBuilder OpenAPI warning: #/paths/~1api~11~1postorder/post/parameters/5/schema - The format amount is not supported by Kiota for the type String and the string type will be used.
Warning: KiotaBuilder OpenAPI warning: #/paths/~1api~11~1postorder/post/parameters/6/schema - The format amount is not supported by Kiota for the type String and the string type will be used.
Warning: KiotaBuilder OpenAPI warning: #/paths/~1api~11~1postorder/post/parameters/8/schema - The format timestamp is not supported by Kiota for the type Integer and the string type will be used.
Warning: KiotaBuilder OpenAPI warning: #/paths/~1api~11~1postorder/post/parameters/9/schema - The format timestamp is not supported by Kiota for the type Integer and the string type will be used.
Warning: KiotaBuilder OpenAPI warning: #/paths/~1api~11~1postorder/post/parameters/10/schema - The format timestamp is not supported by Kiota for the type Integer and the string type will be used.
Warning: KiotaBuilder OpenAPI warning: #/paths/~1api~11~1postorder/post/parameters/11/schema - The format timestamp is not supported by Kiota for the type Integer and the string type will be used.
Warning: KiotaBuilder OpenAPI warning: #/paths/~1api~11~1send/post/parameters/0/schema - The format amount is not supported by Kiota for the type String and the string type will be used.
Warning: KiotaBuilder OpenAPI warning: #/paths/~1api~11~1send/post/parameters/7/schema - The format timestamp is not supported by Kiota for the type Integer and the string type will be used.
Warning: KiotaBuilder OpenAPI warning: #/paths/~1api~11~1send/post/parameters/12/schema - The format timestamp is not supported by Kiota for the type Integer and the string type will be used.
Warning: KiotaBuilder OpenAPI warning: #/paths/~1api~11~1send/post/parameters/13/schema - The format timestamp is not supported by Kiota for the type Integer and the string type will be used.
Warning: KiotaBuilder OpenAPI warning: #/paths/~1api~11~1send_fee/get/parameters/0/schema - The format amount is not supported by Kiota for the type String and the string type will be used.
Warning: KiotaBuilder OpenAPI warning: #/paths/~1api~11~1trades/get/parameters/1/schema - The format timestamp is not supported by Kiota for the type Integer and the string type will be used.
Warning: KiotaBuilder OpenAPI warning: #/paths/~1api~11~1withdrawals/get/parameters/0/schema - The format timestamp is not supported by Kiota for the type Integer and the string type will be used.
Warning: KiotaBuilder OpenAPI warning: #/paths/~1api~11~1withdrawals/get/parameters/1/schema - The format timestamp is not supported by Kiota for the type Integer and the string type will be used.
Warning: KiotaBuilder OpenAPI warning: #/paths/~1api~11~1withdrawals/post/parameters/1/schema - The format amount is not supported by Kiota for the type String and the string type will be used.
Warning: KiotaBuilder OpenAPI warning: #/paths/~1api~11~1withdrawals/post/parameters/2/schema - The format timestamp is not supported by Kiota for the type Integer and the string type will be used.
Warning: KiotaBuilder OpenAPI warning: #/paths/~1api~11~1withdrawals/post/parameters/6/schema - The format timestamp is not supported by Kiota for the type Integer and the string type will be used.
Warning: KiotaBuilder OpenAPI warning: #/paths/~1api~11~1withdrawals~1{id}/get/parameters/0/schema - The format timestamp is not supported by Kiota for the type Integer and the string type will be used.
Warning: KiotaBuilder OpenAPI warning: #/paths/~1api~11~1withdrawals~1{id}/delete/parameters/0/schema - The format timestamp is not supported by Kiota for the type Integer and the string type will be used.
Warning: KiotaBuilder OpenAPI warning: #/paths/~1api~1exchange~11~1candles/get/parameters/1/schema - The format timestamp is not supported by Kiota for the type Integer and the string type will be used.
Warning: KiotaBuilder OpenAPI warning: #/paths/~1api~1exchange~11~1candles/get/parameters/2/schema - The format timestamp is not supported by Kiota for the type Integer and the string type will be used.
Warning: KiotaBuilder OpenAPI warning: #/paths/~1api~1exchange~11~1move/post/parameters/0/schema - The format amount is not supported by Kiota for the type String and the string type will be used.
Warning: KiotaBuilder OpenAPI warning: #/paths/~1api~1exchange~11~1move/post/parameters/1/schema - The format timestamp is not supported by Kiota for the type Integer and the string type will be used.
Warning: KiotaBuilder OpenAPI warning: #/paths/~1api~1exchange~11~1move/post/parameters/2/schema - The format timestamp is not supported by Kiota for the type Integer and the string type will be used.
Warning: KiotaBuilder OpenAPI warning: #/paths/~1api~1exchange~11~1move~1list_moves/get/parameters/0/schema - The format timestamp is not supported by Kiota for the type Integer and the string type will be used.
Warning: KiotaBuilder OpenAPI warning: #/paths/~1api~1exchange~11~1move~1list_moves/get/parameters/1/schema - The format timestamp is not supported by Kiota for the type Integer and the string type will be used.
Warning: KiotaBuilder OpenAPI warning: #/paths/~1api~1exchange~11~1transfers/get/parameters/0/schema - The format timestamp is not supported by Kiota for the type Integer and the string type will be used.
Warning: KiotaBuilder OpenAPI warning: #/paths/~1api~1exchange~11~1transfers/get/parameters/1/schema - The format timestamp is not supported by Kiota for the type Integer and the string type will be used.
Warning: KiotaBuilder OpenAPI warning: #/paths/~1api~1exchange~11~1transfers/get/parameters/2/schema - The format timestamp is not supported by Kiota for the type Integer and the string type will be used.
Warning: KiotaBuilder OpenAPI warning: #/paths/~1api~1exchange~12~1listorders/get/parameters/2/schema - The format timestamp is not supported by Kiota for the type Integer and the string type will be used.
Warning: KiotaBuilder OpenAPI warning: #/paths/~1api~1exchange~12~1listorders/get/parameters/3/schema - The format timestamp is not supported by Kiota for the type Integer and the string type will be used.
Warning: KiotaBuilder OpenAPI warning: #/components/schemas/AccountBalance/properties/account_id - The format timestamp is not supported by Kiota for the type String and the string type will be used.
Warning: KiotaBuilder OpenAPI warning: #/components/schemas/AccountBalance/properties/balance - The format amount is not supported by Kiota for the type String and the string type will be used.
Warning: KiotaBuilder OpenAPI warning: #/components/schemas/AccountBalance/properties/reserved - The format amount is not supported by Kiota for the type String and the string type will be used.
Warning: KiotaBuilder OpenAPI warning: #/components/schemas/AccountBalance/properties/unconfirmed - The format amount is not supported by Kiota for the type String and the string type will be used.
Warning: KiotaBuilder OpenAPI warning: #/components/schemas/AccountInfo/properties/id - The format timestamp is not supported by Kiota for the type String and the string type will be used.
Warning: KiotaBuilder OpenAPI warning: #/components/schemas/CancelWithdrawalResponse/properties/amount - The format amount is not supported by Kiota for the type String and the string type will be used.
Warning: KiotaBuilder OpenAPI warning: #/components/schemas/CancelWithdrawalResponse/properties/created_at - The format timestamp is not supported by Kiota for the type Integer and the string type will be used.
Warning: KiotaBuilder OpenAPI warning: #/components/schemas/CancelWithdrawalResponse/properties/fee - The format amount is not supported by Kiota for the type String and the string type will be used.
Warning: KiotaBuilder OpenAPI warning: #/components/schemas/Candle/properties/close - The format amount is not supported by Kiota for the type String and the string type will be used.
Warning: KiotaBuilder OpenAPI warning: #/components/schemas/Candle/properties/high - The format amount is not supported by Kiota for the type String and the string type will be used.
Warning: KiotaBuilder OpenAPI warning: #/components/schemas/Candle/properties/low - The format amount is not supported by Kiota for the type String and the string type will be used.
Warning: KiotaBuilder OpenAPI warning: #/components/schemas/Candle/properties/open - The format amount is not supported by Kiota for the type String and the string type will be used.
Warning: KiotaBuilder OpenAPI warning: #/components/schemas/Candle/properties/timestamp - The format timestamp is not supported by Kiota for the type Integer and the string type will be used.
Warning: KiotaBuilder OpenAPI warning: #/components/schemas/Candle/properties/volume - The format amount is not supported by Kiota for the type String and the string type will be used.
Warning: KiotaBuilder OpenAPI warning: #/components/schemas/CreateWithdrawalResponse/properties/amount - The format amount is not supported by Kiota for the type String and the string type will be used.
Warning: KiotaBuilder OpenAPI warning: #/components/schemas/CreateWithdrawalResponse/properties/created_at - The format timestamp is not supported by Kiota for the type Integer and the string type will be used.
Warning: KiotaBuilder OpenAPI warning: #/components/schemas/CreateWithdrawalResponse/properties/fee - The format amount is not supported by Kiota for the type String and the string type will be used.
Warning: KiotaBuilder OpenAPI warning: #/components/schemas/DecimalFloat - The format amount is not supported by Kiota for the type String and the string type will be used.
Warning: KiotaBuilder OpenAPI warning: #/components/schemas/FundsMove/properties/amount - The format amount is not supported by Kiota for the type String and the string type will be used.
Warning: KiotaBuilder OpenAPI warning: #/components/schemas/FundsMove/properties/created_at - The format timestamp is not supported by Kiota for the type Integer and the string type will be used.
Warning: KiotaBuilder OpenAPI warning: #/components/schemas/FundsMove/properties/updated_at - The format timestamp is not supported by Kiota for the type Integer and the string type will be used.
Warning: KiotaBuilder OpenAPI warning: #/components/schemas/GetCandlesResponse/properties/duration - The format timestamp is not supported by Kiota for the type Integer and the string type will be used.
Warning: KiotaBuilder OpenAPI warning: #/components/schemas/GetMoveResponse/properties/amount - The format amount is not supported by Kiota for the type String and the string type will be used.
Warning: KiotaBuilder OpenAPI warning: #/components/schemas/GetMoveResponse/properties/created_at - The format timestamp is not supported by Kiota for the type Integer and the string type will be used.
Warning: KiotaBuilder OpenAPI warning: #/components/schemas/GetMoveResponse/properties/updated_at - The format timestamp is not supported by Kiota for the type Integer and the string type will be used.
Warning: KiotaBuilder OpenAPI warning: #/components/schemas/GetOrder2Response/properties/base - The format amount is not supported by Kiota for the type String and the string type will be used.
Warning: KiotaBuilder OpenAPI warning: #/components/schemas/GetOrder2Response/properties/base_account_id - The format timestamp is not supported by Kiota for the type Integer and the string type will be used.
Warning: KiotaBuilder OpenAPI warning: #/components/schemas/GetOrder2Response/properties/completed_timestamp - The format timestamp is not supported by Kiota for the type Integer and the string type will be used.
Warning: KiotaBuilder OpenAPI warning: #/components/schemas/GetOrder2Response/properties/counter - The format amount is not supported by Kiota for the type String and the string type will be used.
Warning: KiotaBuilder OpenAPI warning: #/components/schemas/GetOrder2Response/properties/counter_account_id - The format timestamp is not supported by Kiota for the type Integer and the string type will be used.
Warning: KiotaBuilder OpenAPI warning: #/components/schemas/GetOrder2Response/properties/creation_timestamp - The format timestamp is not supported by Kiota for the type Integer and the string type will be used.
Warning: KiotaBuilder OpenAPI warning: #/components/schemas/GetOrder2Response/properties/expiration_timestamp - The format timestamp is not supported by Kiota for the type Integer and the string type will be used.
Warning: KiotaBuilder OpenAPI warning: #/components/schemas/GetOrder2Response/properties/fee_base - The format amount is not supported by Kiota for the type String and the string type will be used.
Warning: KiotaBuilder OpenAPI warning: #/components/schemas/GetOrder2Response/properties/fee_counter - The format amount is not supported by Kiota for the type String and the string type will be used.
Warning: KiotaBuilder OpenAPI warning: #/components/schemas/GetOrder2Response/properties/limit_price - The format amount is not supported by Kiota for the type String and the string type will be used.
Warning: KiotaBuilder OpenAPI warning: #/components/schemas/GetOrder2Response/properties/limit_volume - The format amount is not supported by Kiota for the type String and the string type will be used.
Warning: KiotaBuilder OpenAPI warning: #/components/schemas/GetOrder2Response/properties/stop_price - The format amount is not supported by Kiota for the type String and the string type will be used.
Warning: KiotaBuilder OpenAPI warning: #/components/schemas/GetOrderBookResponse/properties/timestamp - The format timestamp is not supported by Kiota for the type Integer and the string type will be used.
Warning: KiotaBuilder OpenAPI warning: #/components/schemas/GetOrderResponse/properties/base - The format amount is not supported by Kiota for the type String and the string type will be used.
Warning: KiotaBuilder OpenAPI warning: #/components/schemas/GetOrderResponse/properties/completed_timestamp - The format timestamp is not supported by Kiota for the type Integer and the string type will be used.
Warning: KiotaBuilder OpenAPI warning: #/components/schemas/GetOrderResponse/properties/counter - The format amount is not supported by Kiota for the type String and the string type will be used.
Warning: KiotaBuilder OpenAPI warning: #/components/schemas/GetOrderResponse/properties/creation_timestamp - The format timestamp is not supported by Kiota for the type Integer and the string type will be used.
Warning: KiotaBuilder OpenAPI warning: #/components/schemas/GetOrderResponse/properties/expiration_timestamp - The format timestamp is not supported by Kiota for the type Integer and the string type will be used.
Warning: KiotaBuilder OpenAPI warning: #/components/schemas/GetOrderResponse/properties/fee_base - The format amount is not supported by Kiota for the type String and the string type will be used.
Warning: KiotaBuilder OpenAPI warning: #/components/schemas/GetOrderResponse/properties/fee_counter - The format amount is not supported by Kiota for the type String and the string type will be used.
Warning: KiotaBuilder OpenAPI warning: #/components/schemas/GetOrderResponse/properties/limit_price - The format amount is not supported by Kiota for the type String and the string type will be used.
Warning: KiotaBuilder OpenAPI warning: #/components/schemas/GetOrderResponse/properties/limit_volume - The format amount is not supported by Kiota for the type String and the string type will be used.
Warning: KiotaBuilder OpenAPI warning: #/components/schemas/GetTickerResponse/properties/ask - The format amount is not supported by Kiota for the type String and the string type will be used.
Warning: KiotaBuilder OpenAPI warning: #/components/schemas/GetTickerResponse/properties/bid - The format amount is not supported by Kiota for the type String and the string type will be used.
Warning: KiotaBuilder OpenAPI warning: #/components/schemas/GetTickerResponse/properties/last_trade - The format amount is not supported by Kiota for the type String and the string type will be used.
Warning: KiotaBuilder OpenAPI warning: #/components/schemas/GetTickerResponse/properties/rolling_24_hour_volume - The format amount is not supported by Kiota for the type String and the string type will be used.
Warning: KiotaBuilder OpenAPI warning: #/components/schemas/GetTickerResponse/properties/timestamp - The format timestamp is not supported by Kiota for the type Integer and the string type will be used.
Warning: KiotaBuilder OpenAPI warning: #/components/schemas/GetWithdrawalResponse/properties/amount - The format amount is not supported by Kiota for the type String and the string type will be used.
Warning: KiotaBuilder OpenAPI warning: #/components/schemas/GetWithdrawalResponse/properties/created_at - The format timestamp is not supported by Kiota for the type Integer and the string type will be used.
Warning: KiotaBuilder OpenAPI warning: #/components/schemas/GetWithdrawalResponse/properties/fee - The format amount is not supported by Kiota for the type String and the string type will be used.
Warning: KiotaBuilder OpenAPI warning: #/components/schemas/LinkedUser/properties/created_at - The format timestamp is not supported by Kiota for the type Integer and the string type will be used.
Warning: KiotaBuilder OpenAPI warning: #/components/schemas/LinkedUser/properties/user_id - The format timestamp is not supported by Kiota for the type String and the string type will be used.
Warning: KiotaBuilder OpenAPI warning: #/components/schemas/ListTransactionsResponse/properties/id - The format timestamp is not supported by Kiota for the type String and the string type will be used.
Warning: KiotaBuilder OpenAPI warning: #/components/schemas/MarketInfo/properties/fee_scale - The format timestamp is not supported by Kiota for the type Integer and the string type will be used.
Warning: KiotaBuilder OpenAPI warning: #/components/schemas/MarketInfo/properties/max_price - The format amount is not supported by Kiota for the type String and the string type will be used.
Warning: KiotaBuilder OpenAPI warning: #/components/schemas/MarketInfo/properties/max_volume - The format amount is not supported by Kiota for the type String and the string type will be used.
Warning: KiotaBuilder OpenAPI warning: #/components/schemas/MarketInfo/properties/min_price - The format amount is not supported by Kiota for the type String and the string type will be used.
Warning: KiotaBuilder OpenAPI warning: #/components/schemas/MarketInfo/properties/min_volume - The format amount is not supported by Kiota for the type String and the string type will be used.
Warning: KiotaBuilder OpenAPI warning: #/components/schemas/MarketInfo/properties/price_scale - The format timestamp is not supported by Kiota for the type Integer and the string type will be used.
Warning: KiotaBuilder OpenAPI warning: #/components/schemas/MarketInfo/properties/volume_scale - The format timestamp is not supported by Kiota for the type Integer and the string type will be used.
Warning: KiotaBuilder OpenAPI warning: #/components/schemas/Network - The format timestamp is not supported by Kiota for the type Integer and the string type will be used.
Warning: KiotaBuilder OpenAPI warning: #/components/schemas/Order/properties/base - The format amount is not supported by Kiota for the type String and the string type will be used.
Warning: KiotaBuilder OpenAPI warning: #/components/schemas/Order/properties/completed_timestamp - The format timestamp is not supported by Kiota for the type Integer and the string type will be used.
Warning: KiotaBuilder OpenAPI warning: #/components/schemas/Order/properties/counter - The format amount is not supported by Kiota for the type String and the string type will be used.
Warning: KiotaBuilder OpenAPI warning: #/components/schemas/Order/properties/creation_timestamp - The format timestamp is not supported by Kiota for the type Integer and the string type will be used.
Warning: KiotaBuilder OpenAPI warning: #/components/schemas/Order/properties/expiration_timestamp - The format timestamp is not supported by Kiota for the type Integer and the string type will be used.
Warning: KiotaBuilder OpenAPI warning: #/components/schemas/Order/properties/fee_base - The format amount is not supported by Kiota for the type String and the string type will be used.
Warning: KiotaBuilder OpenAPI warning: #/components/schemas/Order/properties/fee_counter - The format amount is not supported by Kiota for the type String and the string type will be used.
Warning: KiotaBuilder OpenAPI warning: #/components/schemas/Order/properties/limit_price - The format amount is not supported by Kiota for the type String and the string type will be used.
Warning: KiotaBuilder OpenAPI warning: #/components/schemas/Order/properties/limit_volume - The format amount is not supported by Kiota for the type String and the string type will be used.
Warning: KiotaBuilder OpenAPI warning: #/components/schemas/OrderBook/properties/timestamp - The format timestamp is not supported by Kiota for the type Integer and the string type will be used.
Warning: KiotaBuilder OpenAPI warning: #/components/schemas/OrderBookEntry/properties/price - The format amount is not supported by Kiota for the type String and the string type will be used.
Warning: KiotaBuilder OpenAPI warning: #/components/schemas/OrderBookEntry/properties/volume - The format amount is not supported by Kiota for the type String and the string type will be used.
Warning: KiotaBuilder OpenAPI warning: #/components/schemas/OrderV2/properties/base - The format amount is not supported by Kiota for the type String and the string type will be used.
Warning: KiotaBuilder OpenAPI warning: #/components/schemas/OrderV2/properties/base_account_id - The format timestamp is not supported by Kiota for the type Integer and the string type will be used.
Warning: KiotaBuilder OpenAPI warning: #/components/schemas/OrderV2/properties/completed_timestamp - The format timestamp is not supported by Kiota for the type Integer and the string type will be used.
Warning: KiotaBuilder OpenAPI warning: #/components/schemas/OrderV2/properties/counter - The format amount is not supported by Kiota for the type String and the string type will be used.
Warning: KiotaBuilder OpenAPI warning: #/components/schemas/OrderV2/properties/counter_account_id - The format timestamp is not supported by Kiota for the type Integer and the string type will be used.
Warning: KiotaBuilder OpenAPI warning: #/components/schemas/OrderV2/properties/creation_timestamp - The format timestamp is not supported by Kiota for the type Integer and the string type will be used.
Warning: KiotaBuilder OpenAPI warning: #/components/schemas/OrderV2/properties/expiration_timestamp - The format timestamp is not supported by Kiota for the type Integer and the string type will be used.
Warning: KiotaBuilder OpenAPI warning: #/components/schemas/OrderV2/properties/fee_base - The format amount is not supported by Kiota for the type String and the string type will be used.
Warning: KiotaBuilder OpenAPI warning: #/components/schemas/OrderV2/properties/fee_counter - The format amount is not supported by Kiota for the type String and the string type will be used.
Warning: KiotaBuilder OpenAPI warning: #/components/schemas/OrderV2/properties/limit_price - The format amount is not supported by Kiota for the type String and the string type will be used.
Warning: KiotaBuilder OpenAPI warning: #/components/schemas/OrderV2/properties/limit_volume - The format amount is not supported by Kiota for the type String and the string type will be used.
Warning: KiotaBuilder OpenAPI warning: #/components/schemas/OrderV2/properties/stop_price - The format amount is not supported by Kiota for the type String and the string type will be used.
Warning: KiotaBuilder OpenAPI warning: #/components/schemas/PublicTrade/properties/price - The format amount is not supported by Kiota for the type String and the string type will be used.
Warning: KiotaBuilder OpenAPI warning: #/components/schemas/PublicTrade/properties/sequence - The format timestamp is not supported by Kiota for the type Integer and the string type will be used.
Warning: KiotaBuilder OpenAPI warning: #/components/schemas/PublicTrade/properties/timestamp - The format timestamp is not supported by Kiota for the type Integer and the string type will be used.
Warning: KiotaBuilder OpenAPI warning: #/components/schemas/PublicTrade/properties/volume - The format amount is not supported by Kiota for the type String and the string type will be used.
Warning: KiotaBuilder OpenAPI warning: #/components/schemas/ReceiveAddress/properties/account_id - The format timestamp is not supported by Kiota for the type String and the string type will be used.
Warning: KiotaBuilder OpenAPI warning: #/components/schemas/ReceiveAddress/properties/assigned_at - The format timestamp is not supported by Kiota for the type Integer and the string type will be used.
Warning: KiotaBuilder OpenAPI warning: #/components/schemas/ReceiveAddress/properties/network - The format timestamp is not supported by Kiota for the type Integer and the string type will be used.
Warning: KiotaBuilder OpenAPI warning: #/components/schemas/ReceiveAddress/properties/receive_fee - The format amount is not supported by Kiota for the type String and the string type will be used.
Warning: KiotaBuilder OpenAPI warning: #/components/schemas/ReceiveAddress/properties/total_received - The format amount is not supported by Kiota for the type String and the string type will be used.
Warning: KiotaBuilder OpenAPI warning: #/components/schemas/ReceiveAddress/properties/total_unconfirmed - The format amount is not supported by Kiota for the type String and the string type will be used.
Warning: KiotaBuilder OpenAPI warning: #/components/schemas/SendFeeResponse/properties/fee - The format amount is not supported by Kiota for the type String and the string type will be used.
Warning: KiotaBuilder OpenAPI warning: #/components/schemas/Ticker/properties/ask - The format decimal is not supported by Kiota for the type String and the string type will be used.
Warning: KiotaBuilder OpenAPI warning: #/components/schemas/Ticker/properties/bid - The format decimal is not supported by Kiota for the type String and the string type will be used.
Warning: KiotaBuilder OpenAPI warning: #/components/schemas/Ticker/properties/last_trade - The format decimal is not supported by Kiota for the type String and the string type will be used.
Warning: KiotaBuilder OpenAPI warning: #/components/schemas/Ticker/properties/rolling_24_hour_volume - The format decimal is not supported by Kiota for the type String and the string type will be used.
Warning: KiotaBuilder OpenAPI warning: #/components/schemas/TradeDetails/properties/price - The format amount is not supported by Kiota for the type String and the string type will be used.
Warning: KiotaBuilder OpenAPI warning: #/components/schemas/TradeDetails/properties/sequence - The format timestamp is not supported by Kiota for the type Integer and the string type will be used.
Warning: KiotaBuilder OpenAPI warning: #/components/schemas/TradeDetails/properties/volume - The format amount is not supported by Kiota for the type String and the string type will be used.
Warning: KiotaBuilder OpenAPI warning: #/components/schemas/TradeV2/properties/base - The format amount is not supported by Kiota for the type String and the string type will be used.
Warning: KiotaBuilder OpenAPI warning: #/components/schemas/TradeV2/properties/counter - The format amount is not supported by Kiota for the type String and the string type will be used.
Warning: KiotaBuilder OpenAPI warning: #/components/schemas/TradeV2/properties/fee_base - The format amount is not supported by Kiota for the type String and the string type will be used.
Warning: KiotaBuilder OpenAPI warning: #/components/schemas/TradeV2/properties/fee_counter - The format amount is not supported by Kiota for the type String and the string type will be used.
Warning: KiotaBuilder OpenAPI warning: #/components/schemas/TradeV2/properties/price - The format amount is not supported by Kiota for the type String and the string type will be used.
Warning: KiotaBuilder OpenAPI warning: #/components/schemas/TradeV2/properties/sequence - The format timestamp is not supported by Kiota for the type Integer and the string type will be used.
Warning: KiotaBuilder OpenAPI warning: #/components/schemas/TradeV2/properties/timestamp - The format timestamp is not supported by Kiota for the type Integer and the string type will be used.
Warning: KiotaBuilder OpenAPI warning: #/components/schemas/TradeV2/properties/volume - The format amount is not supported by Kiota for the type String and the string type will be used.
Warning: KiotaBuilder OpenAPI warning: #/components/schemas/Transaction/properties/account_id - The format timestamp is not supported by Kiota for the type String and the string type will be used.
Warning: KiotaBuilder OpenAPI warning: #/components/schemas/Transaction/properties/row_index - The format timestamp is not supported by Kiota for the type Integer and the string type will be used.
Warning: KiotaBuilder OpenAPI warning: #/components/schemas/Transaction/properties/timestamp - The format timestamp is not supported by Kiota for the type Integer and the string type will be used.
Warning: KiotaBuilder OpenAPI warning: #/components/schemas/Transfer/properties/amount - The format amount is not supported by Kiota for the type String and the string type will be used.
Warning: KiotaBuilder OpenAPI warning: #/components/schemas/Transfer/properties/created_at - The format timestamp is not supported by Kiota for the type Integer and the string type will be used.
Warning: KiotaBuilder OpenAPI warning: #/components/schemas/Transfer/properties/fee - The format amount is not supported by Kiota for the type String and the string type will be used.
Warning: KiotaBuilder OpenAPI warning: #/components/schemas/Withdrawal/properties/amount - The format amount is not supported by Kiota for the type String and the string type will be used.
Warning: KiotaBuilder OpenAPI warning: #/components/schemas/Withdrawal/properties/created_at - The format timestamp is not supported by Kiota for the type Integer and the string type will be used.
Warning: KiotaBuilder OpenAPI warning: #/components/schemas/Withdrawal/properties/fee - The format amount is not supported by Kiota for the type String and the string type will be used.
Warning: KiotaBuilder OpenAPI warning: #/components/schemas/beneficiary/properties/created_at - The format timestamp is not supported by Kiota for the type Integer and the string type will be used.
Warning: KiotaBuilder OpenAPI warning: #/components/schemas/createAccountResponse/properties/id - The format timestamp is not supported by Kiota for the type String and the string type will be used.
Warning: KiotaBuilder OpenAPI warning: #/components/schemas/createFundingAddressResponse/properties/account_id - The format timestamp is not supported by Kiota for the type String and the string type will be used.
Warning: KiotaBuilder OpenAPI warning: #/components/schemas/createFundingAddressResponse/properties/assigned_at - The format timestamp is not supported by Kiota for the type Integer and the string type will be used.
Warning: KiotaBuilder OpenAPI warning: #/components/schemas/createFundingAddressResponse/properties/network - The format timestamp is not supported by Kiota for the type Integer and the string type will be used.
Warning: KiotaBuilder OpenAPI warning: #/components/schemas/createFundingAddressResponse/properties/receive_fee - The format amount is not supported by Kiota for the type String and the string type will be used.
Warning: KiotaBuilder OpenAPI warning: #/components/schemas/createFundingAddressResponse/properties/total_received - The format amount is not supported by Kiota for the type String and the string type will be used.
Warning: KiotaBuilder OpenAPI warning: #/components/schemas/createFundingAddressResponse/properties/total_unconfirmed - The format amount is not supported by Kiota for the type String and the string type will be used.
Warning: KiotaBuilder OpenAPI warning: #/components/schemas/getFundingAddressResponse/properties/account_id - The format timestamp is not supported by Kiota for the type String and the string type will be used.
Warning: KiotaBuilder OpenAPI warning: #/components/schemas/getFundingAddressResponse/properties/assigned_at - The format timestamp is not supported by Kiota for the type Integer and the string type will be used.
Warning: KiotaBuilder OpenAPI warning: #/components/schemas/getFundingAddressResponse/properties/network - The format timestamp is not supported by Kiota for the type Integer and the string type will be used.
Warning: KiotaBuilder OpenAPI warning: #/components/schemas/getFundingAddressResponse/properties/receive_fee - The format amount is not supported by Kiota for the type String and the string type will be used.
Warning: KiotaBuilder OpenAPI warning: #/components/schemas/getFundingAddressResponse/properties/total_received - The format amount is not supported by Kiota for the type String and the string type will be used.
Warning: KiotaBuilder OpenAPI warning: #/components/schemas/getFundingAddressResponse/properties/total_unconfirmed - The format amount is not supported by Kiota for the type String and the string type will be used.
Warning: KiotaBuilder OpenAPI warning: #/components/schemas/listPendingTransactionsResponse/properties/id - The format timestamp is not supported by Kiota for the type String and the string type will be used.
